<?xml version="1.0" encoding="UTF-8"?>
<!-- Generated by org.testng.reporters.JUnitReportReporter -->
<testsuite hostname="LTIN520940" failures="0" tests="1" name="testCases.tc_001upcommingbikes" time="4.676" errors="0" timestamp="2024-05-05T20:29:44 IST" skipped="0">
  <testcase classname="testCases.tc_001upcommingbikes" name="upcommingbikes" time="4.676"/>
</testsuite> <!-- testCases.tc_001upcommingbikes -->
